<?xml version="1.0" encoding="UTF-8"?>
<testsuite xmlns:xsi="http://www.w3.org/2001/XMLSchema-instance" xsi:noNamespaceSchemaLocation="https://maven.apache.org/surefire/maven-surefire-plugin/xsd/surefire-test-report.xsd" version="3.0.1" name="mldsa.NTTTests" time="0.03" tests="6" errors="0" skipped="0" failures="0">
  <properties>
[...]
</properties>
  <testcase name="testNTTConstant" classname="mldsa.NTTTests" time="0.013"/>
  <testcase name="testNTTMultiplication" classname="mldsa.NTTTests" time="0.004"/>
  <testcase name="testZetasComputed" classname="mldsa.NTTTests" time="0.001"/>
  <testcase name="testNTTInvertible" classname="mldsa.NTTTests" time="0.0"/>
  <testcase name="testNTTZero" classname="mldsa.NTTTests" time="0.0"/>
  <testcase name="testMultipleRoundtrips" classname="mldsa.NTTTests" time="0.001"/>
</testsuite>